[INFO] 14-06-2023 00:04:47 [WebDriverManager] - Using chromedriver 114.0.5735.90 (resolved driver for Chrome 114)
[INFO] 14-06-2023 00:04:47 [WebDriverManager] - Exporting webdriver.chrome.driver as C:\Users\Admin\.cache\selenium\chromedriver\win32\114.0.5735.90\chromedriver.exe
[INFO] 14-06-2023 00:04:58 [Log] - Verify element visible By.id: email
[INFO] 14-06-2023 00:04:58 [Log] - Verify element visible By.id: email
[INFO] 14-06-2023 00:04:58 [Log] - Clear and Fill admin@demo.com on By.id: email
[INFO] 14-06-2023 00:04:58 [Log] - Verify element visible By.id: password
[INFO] 14-06-2023 00:04:58 [Log] - Verify element visible By.id: password
[INFO] 14-06-2023 00:04:58 [Log] - Clear and Fill riseDemo on By.id: password
[INFO] 14-06-2023 00:04:58 [Log] - Verify element visible By.xpath: //button[normalize-space()='Sign in']
[INFO] 14-06-2023 00:05:03 [Log] - Click on element By.xpath: //button[normalize-space()='Sign in']
[INFO] 14-06-2023 00:05:04 [Log] - Verify element visible By.xpath: //span[contains(text(),'Clients')]
[INFO] 14-06-2023 00:05:06 [Log] - Click on element By.xpath: //span[contains(text(),'Clients')]
[INFO] 14-06-2023 00:05:06 [Log] - Verify element visible By.partialLinkText: Import clien
[INFO] 14-06-2023 00:05:06 [Log] - Click on element By.partialLinkText: Import clien
[INFO] 14-06-2023 00:05:12 [Log] - Upload File With Local Form: C:\Users\Admin\Downloads\webUI.docx
[INFO] 14-06-2023 00:05:14 [Log] - Scroll to element By.xpath: //div[@id='uploaded-file-previews']/div/div[2]/strong
[INFO] 14-06-2023 00:05:15 [Log] - Verify Equals: File type is not allowed. = File type is not allowed.
[INFO] 14-06-2023 00:05:15 [WebDriverManager] - Using chromedriver 114.0.5735.90 (resolved driver for Chrome 114)
[INFO] 14-06-2023 00:05:15 [WebDriverManager] - Exporting webdriver.chrome.driver as C:\Users\Admin\.cache\selenium\chromedriver\win32\114.0.5735.90\chromedriver.exe
[INFO] 14-06-2023 00:05:26 [Log] - Verify element visible By.id: email
[INFO] 14-06-2023 00:05:26 [Log] - Verify element visible By.id: email
[INFO] 14-06-2023 00:05:26 [Log] - Clear and Fill admin@demo.com on By.id: email
[INFO] 14-06-2023 00:05:26 [Log] - Verify element visible By.id: password
[INFO] 14-06-2023 00:05:26 [Log] - Verify element visible By.id: password
[INFO] 14-06-2023 00:05:27 [Log] - Clear and Fill riseDemo on By.id: password
[INFO] 14-06-2023 00:05:27 [Log] - Verify element visible By.xpath: //button[normalize-space()='Sign in']
[INFO] 14-06-2023 00:05:31 [Log] - Click on element By.xpath: //button[normalize-space()='Sign in']
[INFO] 14-06-2023 00:05:33 [Log] - Verify element visible By.xpath: //span[contains(text(),'Clients')]
[INFO] 14-06-2023 00:05:34 [Log] - Click on element By.xpath: //span[contains(text(),'Clients')]
[INFO] 14-06-2023 00:05:34 [Log] - Verify element visible By.partialLinkText: Import clien
[INFO] 14-06-2023 00:05:35 [Log] - Click on element By.partialLinkText: Import clien
[INFO] 14-06-2023 00:05:41 [Log] - Upload File With Local Form: C:\Users\Admin\Downloads\ExcelReader.txt
[INFO] 14-06-2023 00:05:42 [Log] - Scroll to element By.xpath: //div[@id='uploaded-file-previews']/div/div[2]/strong
[INFO] 14-06-2023 00:05:44 [Log] - Verify Equals: Please upload a excel file. (.xlsx) = Please upload a excel file. (.xlsx)
[INFO] 14-06-2023 00:05:44 [WebDriverManager] - Using chromedriver 114.0.5735.90 (resolved driver for Chrome 114)
[INFO] 14-06-2023 00:05:44 [WebDriverManager] - Exporting webdriver.chrome.driver as C:\Users\Admin\.cache\selenium\chromedriver\win32\114.0.5735.90\chromedriver.exe
[INFO] 14-06-2023 00:05:55 [Log] - Verify element visible By.id: email
[INFO] 14-06-2023 00:05:55 [Log] - Verify element visible By.id: email
[INFO] 14-06-2023 00:05:55 [Log] - Clear and Fill admin@demo.com on By.id: email
[INFO] 14-06-2023 00:05:55 [Log] - Verify element visible By.id: password
[INFO] 14-06-2023 00:05:55 [Log] - Verify element visible By.id: password
[INFO] 14-06-2023 00:05:55 [Log] - Clear and Fill riseDemo on By.id: password
[INFO] 14-06-2023 00:05:55 [Log] - Verify element visible By.xpath: //button[normalize-space()='Sign in']
[INFO] 14-06-2023 00:06:00 [Log] - Click on element By.xpath: //button[normalize-space()='Sign in']
[INFO] 14-06-2023 00:06:01 [Log] - Verify element visible By.xpath: //span[contains(text(),'Clients')]
[INFO] 14-06-2023 00:06:03 [Log] - Click on element By.xpath: //span[contains(text(),'Clients')]
[INFO] 14-06-2023 00:06:03 [Log] - Verify element visible By.partialLinkText: Import clien
[INFO] 14-06-2023 00:06:04 [Log] - Click on element By.partialLinkText: Import clien
[INFO] 14-06-2023 00:06:10 [Log] - Upload File With Local Form: C:\Users\Admin\Downloads\yamada.jpg
[INFO] 14-06-2023 00:06:11 [Log] - Verify element visible By.xpath: //div[@id='uploaded-file-previews']/div/div[2]/strong
[INFO] 14-06-2023 00:06:12 [Log] - Verify Equals: Please upload a excel file. (.xlsx) = Please upload a excel file. (.xlsx)
[INFO] 14-06-2023 00:06:12 [WebDriverManager] - Using chromedriver 114.0.5735.90 (resolved driver for Chrome 114)
[INFO] 14-06-2023 00:06:12 [WebDriverManager] - Exporting webdriver.chrome.driver as C:\Users\Admin\.cache\selenium\chromedriver\win32\114.0.5735.90\chromedriver.exe
[INFO] 14-06-2023 00:06:34 [Log] - Verify element visible By.id: email
[INFO] 14-06-2023 00:06:34 [Log] - Verify element visible By.id: email
[INFO] 14-06-2023 00:06:34 [Log] - Clear and Fill admin@demo.com on By.id: email
[INFO] 14-06-2023 00:06:34 [Log] - Verify element visible By.id: password
[INFO] 14-06-2023 00:06:34 [Log] - Verify element visible By.id: password
[INFO] 14-06-2023 00:06:34 [Log] - Clear and Fill riseDemo on By.id: password
[INFO] 14-06-2023 00:06:34 [Log] - Verify element visible By.xpath: //button[normalize-space()='Sign in']
[INFO] 14-06-2023 00:06:39 [Log] - Click on element By.xpath: //button[normalize-space()='Sign in']
[INFO] 14-06-2023 00:06:40 [Log] - Verify element visible By.xpath: //span[contains(text(),'Clients')]
[INFO] 14-06-2023 00:06:42 [Log] - Click on element By.xpath: //span[contains(text(),'Clients')]
[INFO] 14-06-2023 00:06:42 [Log] - Verify element visible By.partialLinkText: Import clien
[INFO] 14-06-2023 00:06:42 [Log] - Click on element By.partialLinkText: Import clien
[INFO] 14-06-2023 00:06:48 [Log] - Upload File With Local Form: ‪C:\Users\Admin\Downloads\Code 3.pdf
[ERROR] 14-06-2023 00:07:18 [Log] - Element not exist. By.xpath: //div[@id='uploaded-file-previews']/div/div[2]/strong
[INFO] 14-06-2023 00:07:18 [Log] - Driver for Screenshot: ChromeDriver: chrome on WINDOWS (1764a7adc1feb42cde3e75eeaaa99091)
[INFO] 14-06-2023 00:07:18 [WebDriverManager] - Using chromedriver 114.0.5735.90 (resolved driver for Chrome 114)
[INFO] 14-06-2023 00:07:18 [WebDriverManager] - Exporting webdriver.chrome.driver as C:\Users\Admin\.cache\selenium\chromedriver\win32\114.0.5735.90\chromedriver.exe
[INFO] 14-06-2023 00:07:30 [Log] - Verify element visible By.id: email
[INFO] 14-06-2023 00:07:30 [Log] - Verify element visible By.id: email
[INFO] 14-06-2023 00:07:30 [Log] - Clear and Fill admin@demo.com on By.id: email
[INFO] 14-06-2023 00:07:30 [Log] - Verify element visible By.id: password
[INFO] 14-06-2023 00:07:30 [Log] - Verify element visible By.id: password
[INFO] 14-06-2023 00:07:30 [Log] - Clear and Fill riseDemo on By.id: password
[INFO] 14-06-2023 00:07:31 [Log] - Verify element visible By.xpath: //button[normalize-space()='Sign in']
[INFO] 14-06-2023 00:07:37 [Log] - Click on element By.xpath: //button[normalize-space()='Sign in']
[INFO] 14-06-2023 00:07:38 [Log] - Verify element visible By.xpath: //span[contains(text(),'Clients')]
[INFO] 14-06-2023 00:07:40 [Log] - Click on element By.xpath: //span[contains(text(),'Clients')]
[INFO] 14-06-2023 00:07:40 [Log] - Verify element visible By.partialLinkText: Import clien
[INFO] 14-06-2023 00:07:40 [Log] - Click on element By.partialLinkText: Import clien
[INFO] 14-06-2023 00:07:46 [Log] - Upload File With Local Form: ‪C:\Users\Admin\Downloads\Ôn tập.pptx
[ERROR] 14-06-2023 00:07:57 [Log] - Element not exist. By.xpath: //div[@id='uploaded-file-previews']/div/div[2]/strong
[INFO] 14-06-2023 00:07:57 [Log] - Driver for Screenshot: ChromeDriver: chrome on WINDOWS (719f410b82bc9ed44dee0360cbf8fc43)
[INFO] 14-06-2023 00:07:57 [WebDriverManager] - Using chromedriver 114.0.5735.90 (resolved driver for Chrome 114)
[INFO] 14-06-2023 00:07:57 [WebDriverManager] - Exporting webdriver.chrome.driver as C:\Users\Admin\.cache\selenium\chromedriver\win32\114.0.5735.90\chromedriver.exe
[INFO] 14-06-2023 00:08:08 [Log] - Verify element visible By.id: email
[INFO] 14-06-2023 00:08:08 [Log] - Verify element visible By.id: email
[INFO] 14-06-2023 00:08:08 [Log] - Clear and Fill admin@demo.com on By.id: email
[INFO] 14-06-2023 00:08:08 [Log] - Verify element visible By.id: password
[INFO] 14-06-2023 00:08:09 [Log] - Verify element visible By.id: password
[INFO] 14-06-2023 00:08:09 [Log] - Clear and Fill riseDemo on By.id: password
[INFO] 14-06-2023 00:08:09 [Log] - Verify element visible By.xpath: //button[normalize-space()='Sign in']
[INFO] 14-06-2023 00:08:14 [Log] - Click on element By.xpath: //button[normalize-space()='Sign in']
[INFO] 14-06-2023 00:08:15 [Log] - Verify element visible By.xpath: //span[contains(text(),'Clients')]
[INFO] 14-06-2023 00:08:16 [Log] - Click on element By.xpath: //span[contains(text(),'Clients')]
[INFO] 14-06-2023 00:08:16 [Log] - Verify element visible By.partialLinkText: Import clien
[INFO] 14-06-2023 00:08:17 [Log] - Click on element By.partialLinkText: Import clien
[INFO] 14-06-2023 00:08:23 [Log] - Upload File With Local Form: C:\Users\Admin\Downloads\Login.xlsx
[INFO] 14-06-2023 00:08:23 [Log] - Verify element visible By.xpath: //button[@id='form-next']
[INFO] 14-06-2023 00:08:24 [Log] - Driver for Screenshot: ChromeDriver: chrome on WINDOWS (aa9341502932d0e5d7d10dd46e4b4efe)
[INFO] 14-06-2023 00:08:24 [Log] - Screenshot taken: User uploaded the correct file format but wrong template
[INFO] 14-06-2023 00:08:24 [Log] - Screenshot taken current URL: https://rise.fairsketch.com/clients
[INFO] 14-06-2023 00:08:25 [WebDriverManager] - Using chromedriver 114.0.5735.90 (resolved driver for Chrome 114)
[INFO] 14-06-2023 00:08:25 [WebDriverManager] - Exporting webdriver.chrome.driver as C:\Users\Admin\.cache\selenium\chromedriver\win32\114.0.5735.90\chromedriver.exe
[INFO] 14-06-2023 00:08:36 [Log] - Verify element visible By.id: email
[INFO] 14-06-2023 00:08:36 [Log] - Verify element visible By.id: email
[INFO] 14-06-2023 00:08:36 [Log] - Clear and Fill admin@demo.com on By.id: email
[INFO] 14-06-2023 00:08:36 [Log] - Verify element visible By.id: password
[INFO] 14-06-2023 00:08:36 [Log] - Verify element visible By.id: password
[INFO] 14-06-2023 00:08:36 [Log] - Clear and Fill riseDemo on By.id: password
[INFO] 14-06-2023 00:08:36 [Log] - Verify element visible By.xpath: //button[normalize-space()='Sign in']
[INFO] 14-06-2023 00:08:41 [Log] - Click on element By.xpath: //button[normalize-space()='Sign in']
[INFO] 14-06-2023 00:08:42 [Log] - Verify element visible By.xpath: //span[contains(text(),'Clients')]
[INFO] 14-06-2023 00:08:44 [Log] - Click on element By.xpath: //span[contains(text(),'Clients')]
[INFO] 14-06-2023 00:08:44 [Log] - Verify element visible By.partialLinkText: Import clien
[INFO] 14-06-2023 00:08:45 [Log] - Click on element By.partialLinkText: Import clien
[INFO] 14-06-2023 00:08:51 [Log] - Upload File With Local Form: ‪C:\Users\Admin\Downloads\Book1.xlsx
[INFO] 14-06-2023 00:08:51 [Log] - Verify element visible By.xpath: //button[@id='form-next']
[INFO] 14-06-2023 00:08:52 [Log] - Driver for Screenshot: ChromeDriver: chrome on WINDOWS (1756b92b6638df25c4c369051903f1b9)
[INFO] 14-06-2023 00:08:52 [Log] - Screenshot taken: User uploaded the correct file format but wrong template
[INFO] 14-06-2023 00:08:52 [Log] - Screenshot taken current URL: https://rise.fairsketch.com/clients
