[INFO] 13-06-2023 00:10:21 [WebDriverManager] - Using chromedriver 114.0.5735.90 (resolved driver for Chrome 114)
[INFO] 13-06-2023 00:10:21 [WebDriverManager] - Exporting webdriver.chrome.driver as C:\Users\Admin\.cache\selenium\chromedriver\win32\114.0.5735.90\chromedriver.exe
[INFO] 13-06-2023 00:10:30 [Log] - Verify element visible By.id: email
[INFO] 13-06-2023 00:10:30 [Log] - Verify element visible By.id: email
[INFO] 13-06-2023 00:10:30 [Log] - Clear and Fill admin@demo.com on By.id: email
[INFO] 13-06-2023 00:10:31 [Log] - Verify element visible By.id: password
[INFO] 13-06-2023 00:10:31 [Log] - Verify element visible By.id: password
[INFO] 13-06-2023 00:10:31 [Log] - Clear and Fill riseDemo on By.id: password
[INFO] 13-06-2023 00:10:31 [Log] - Verify element visible By.xpath: //button[normalize-space()='Sign in']
[INFO] 13-06-2023 00:10:34 [Log] - Click on element By.xpath: //button[normalize-space()='Sign in']
[INFO] 13-06-2023 00:10:36 [Log] - Verify element visible By.xpath: //span[contains(text(),'Clients')]
[INFO] 13-06-2023 00:10:38 [Log] - Click on element By.xpath: //span[contains(text(),'Clients')]
[INFO] 13-06-2023 00:10:40 [Log] - Verify element visible By.xpath: //a[contains(text(),'Clients')]
[INFO] 13-06-2023 00:10:40 [Log] - Click on element By.xpath: //a[contains(text(),'Clients')]
[INFO] 13-06-2023 00:10:44 [Log] - Verify element visible By.xpath: //a[normalize-space()='Add client']
[INFO] 13-06-2023 00:10:44 [Log] - Click on element By.xpath: //a[normalize-space()='Add client']
[INFO] 13-06-2023 00:10:45 [Log] - Verify element visible By.xpath: //input[@id='company_name']
[INFO] 13-06-2023 00:10:45 [Log] - Set text hanh on By.xpath: //input[@id='company_name']
[INFO] 13-06-2023 00:10:45 [Log] - Verify element visible By.xpath: //div[@id='s2id_created_by']
[INFO] 13-06-2023 00:10:45 [Log] - Click on element By.xpath: //div[@id='s2id_created_by']
[INFO] 13-06-2023 00:10:45 [Log] - Verify element visible By.xpath: //div[@id='select2-drop']//input
[INFO] 13-06-2023 00:10:46 [Log] - Set text Mark Thomas on By.xpath: //div[@id='select2-drop']//input
[INFO] 13-06-2023 00:10:46 [Log] - Verify element visible By.xpath: (//div[contains(@id,'select2-result-label')])[1]
[INFO] 13-06-2023 00:10:46 [Log] - Click on element By.xpath: (//div[contains(@id,'select2-result-label')])[1]
[INFO] 13-06-2023 00:10:46 [Log] - Verify element visible By.xpath: //textarea[@id='address']
[INFO] 13-06-2023 00:10:46 [Log] - Set text Hung Yen on By.xpath: //textarea[@id='address']
[INFO] 13-06-2023 00:10:46 [Log] - Verify element visible By.xpath: //input[@id='city']
[INFO] 13-06-2023 00:10:46 [Log] - Set text Hung Yen on By.xpath: //input[@id='city']
[INFO] 13-06-2023 00:10:46 [Log] - Verify element visible By.xpath: //input[@id='state']
[INFO] 13-06-2023 00:10:46 [Log] - Set text Phuong Chieu on By.xpath: //input[@id='state']
[INFO] 13-06-2023 00:10:46 [Log] - Verify element visible By.xpath: //input[@id='zip']
[INFO] 13-06-2023 00:10:46 [Log] - Set text 870000 on By.xpath: //input[@id='zip']
[INFO] 13-06-2023 00:10:46 [Log] - Verify element visible By.xpath: //input[@id='country']
[INFO] 13-06-2023 00:10:47 [Log] - Set text Vietnam on By.xpath: //input[@id='country']
[INFO] 13-06-2023 00:10:47 [Log] - Verify element visible By.xpath: //input[@id='phone']
[INFO] 13-06-2023 00:10:47 [Log] - Set text 0939206009 on By.xpath: //input[@id='phone']
[INFO] 13-06-2023 00:10:47 [Log] - Verify element visible By.xpath: //input[@id='website']
[INFO] 13-06-2023 00:10:47 [Log] - Set text https://rise.fairsketch.com/ on By.xpath: //input[@id='website']
[INFO] 13-06-2023 00:10:48 [Log] - Scroll to element By.xpath: //input[@id='vat_number']
[INFO] 13-06-2023 00:10:48 [Log] - Set text 10 on By.xpath: //input[@id='vat_number']
[INFO] 13-06-2023 00:10:48 [Log] - Verify element visible By.xpath: (//label[normalize-space()='Client groups']/following-sibling::div//input)[1]
[INFO] 13-06-2023 00:10:48 [Log] - Set text VIP on By.xpath: (//label[normalize-space()='Client groups']/following-sibling::div//input)[1]
[INFO] 13-06-2023 00:10:49 [Log] - Verify element visible By.xpath: //span[@class='select2-match']
[INFO] 13-06-2023 00:10:49 [Log] - Click on element By.xpath: //span[@class='select2-match']
[INFO] 13-06-2023 00:10:49 [Log] - Verify element visible By.xpath: //div[@id='ajaxModalContent']//button[normalize-space()='Save']
[INFO] 13-06-2023 00:10:49 [Log] - Click on element By.xpath: //div[@id='ajaxModalContent']//button[normalize-space()='Save']
[INFO] 13-06-2023 00:10:53 [Log] - Verify element visible By.xpath: //div[@id='client-table_length']//a
[INFO] 13-06-2023 00:10:53 [Log] - Click on element By.xpath: //div[@id='client-table_length']//a
[INFO] 13-06-2023 00:10:53 [Log] - Verify element visible By.xpath: //div[@id='select2-drop']//ul//li[normalize-space()='All']
[INFO] 13-06-2023 00:10:53 [Log] - Click on element By.xpath: //div[@id='select2-drop']//ul//li[normalize-space()='All']
[INFO] 13-06-2023 00:10:56 [Log] - Verify element visible By.xpath: //input[@placeholder='Search']
[INFO] 13-06-2023 00:10:56 [Log] - Clear value in textbox By.xpath: //input[@placeholder='Search']
[INFO] 13-06-2023 00:10:56 [Log] - Verify element visible By.xpath: //input[@placeholder='Search']
[INFO] 13-06-2023 00:10:56 [Log] - Set text hanh on By.xpath: //input[@placeholder='Search']
[INFO] 13-06-2023 00:11:00 [Log] - The number of records found: 1
[INFO] 13-06-2023 00:11:00 [Log] - Scroll to element [[ChromeDriver: chrome on WINDOWS (487a11286bed951f00d43dd636dc8f29)] -> xpath: //table//tbody/tr[1]/td[2]/a]
[INFO] 13-06-2023 00:11:00 [Log] - hanh - data exists!
[INFO] 13-06-2023 00:11:01 [Log] - click record: hanh
[INFO] 13-06-2023 00:11:04 [Log] - Verify element visible By.xpath: //a[normalize-space()='Client info']
[INFO] 13-06-2023 00:11:04 [Log] - Click on element By.xpath: //a[normalize-space()='Client info']
[INFO] 13-06-2023 00:11:06 [Log] - Verify element visible By.xpath: //input[@id='type_organization']
[INFO] 13-06-2023 00:11:07 [Log] - Verify element visible By.xpath: //input[@id='company_name']
[INFO] 13-06-2023 00:11:07 [Log] - Verify element visible By.xpath: //div[@id='s2id_created_by']//a[@class='select2-choice']/span[1]
[INFO] 13-06-2023 00:11:07 [Log] - Verify element visible By.xpath: //div[@id='s2id_created_by']//a[@class='select2-choice']/span[1]
[INFO] 13-06-2023 00:11:07 [Log] - Verify text of an element [Equals]: true
[INFO] 13-06-2023 00:11:07 [Log] - Verify element visible By.xpath: //div[@id='s2id_created_by']//a[@class='select2-choice']/span[1]
[INFO] 13-06-2023 00:11:07 [Log] - Verify element visible By.xpath: //div[@id='s2id_created_by']//a[@class='select2-choice']/span[1]
[INFO] 13-06-2023 00:11:07 [Log] - Verify element visible By.xpath: //textarea[@id='address']
[INFO] 13-06-2023 00:11:07 [Log] - Verify element visible By.xpath: //textarea[@id='address']
[WARN] 13-06-2023 00:11:07 [Log] - Verify text of an element [Equals]: false
[INFO] 13-06-2023 00:11:07 [Log] - Verify element visible By.xpath: //textarea[@id='address']
[INFO] 13-06-2023 00:11:07 [Log] - Verify element visible By.xpath: //textarea[@id='address']
[INFO] 13-06-2023 00:11:07 [Log] - Verify element visible By.xpath: //textarea[@id='address']
[ERROR] 13-06-2023 00:11:07 [Log] - The actual text is 'Hung Yen' not equals '0939206009'
[INFO] 13-06-2023 00:11:08 [Log] - Verify element visible By.xpath: //textarea[@id='address']
[INFO] 13-06-2023 00:11:09 [Log] - Scroll to element By.xpath: //input[@id='city']
[INFO] 13-06-2023 00:11:09 [Log] - Verify element visible By.xpath: //input[@id='state']
[INFO] 13-06-2023 00:11:09 [Log] - Verify element visible By.xpath: //input[@id='zip']
[INFO] 13-06-2023 00:11:09 [Log] - Verify element visible By.xpath: //input[@id='country']
[INFO] 13-06-2023 00:11:09 [Log] - Verify element visible By.xpath: //input[@id='phone']
[INFO] 13-06-2023 00:11:09 [Log] - Verify element visible By.xpath: //input[@id='website']
[INFO] 13-06-2023 00:11:09 [Log] - Verify element visible By.xpath: //input[@id='vat_number']
[INFO] 13-06-2023 00:11:09 [Log] - Verify element visible By.xpath: //li[@class='select2-search-choice']/div
[INFO] 13-06-2023 00:11:10 [Log] - Verify element visible By.xpath: //li[@class='select2-search-choice']/div
[INFO] 13-06-2023 00:11:10 [Log] - Verify text of an element [Equals]: true
[INFO] 13-06-2023 00:11:10 [Log] - Verify element visible By.xpath: //li[@class='select2-search-choice']/div
[INFO] 13-06-2023 00:11:10 [Log] - Verify element visible By.xpath: //li[@class='select2-search-choice']/div
[INFO] 13-06-2023 00:11:17 [WebDriverManager] - Using chromedriver 114.0.5735.90 (resolved driver for Chrome 114)
[INFO] 13-06-2023 00:11:17 [WebDriverManager] - Exporting webdriver.chrome.driver as C:\Users\Admin\.cache\selenium\chromedriver\win32\114.0.5735.90\chromedriver.exe
[INFO] 13-06-2023 00:11:24 [Log] - Verify element visible By.id: email
[INFO] 13-06-2023 00:11:24 [Log] - Verify element visible By.id: email
[INFO] 13-06-2023 00:11:24 [Log] - Clear and Fill admin@demo.com on By.id: email
[INFO] 13-06-2023 00:11:24 [Log] - Verify element visible By.id: password
[INFO] 13-06-2023 00:11:24 [Log] - Verify element visible By.id: password
[INFO] 13-06-2023 00:11:24 [Log] - Clear and Fill riseDemo on By.id: password
[INFO] 13-06-2023 00:11:24 [Log] - Verify element visible By.xpath: //button[normalize-space()='Sign in']
[INFO] 13-06-2023 00:11:27 [Log] - Click on element By.xpath: //button[normalize-space()='Sign in']
[INFO] 13-06-2023 00:11:29 [Log] - Verify element visible By.xpath: //span[contains(text(),'Clients')]
[INFO] 13-06-2023 00:11:31 [Log] - Click on element By.xpath: //span[contains(text(),'Clients')]
[INFO] 13-06-2023 00:11:33 [Log] - Verify element visible By.xpath: //a[contains(text(),'Clients')]
[INFO] 13-06-2023 00:11:33 [Log] - Click on element By.xpath: //a[contains(text(),'Clients')]
[INFO] 13-06-2023 00:11:37 [Log] - Verify element visible By.xpath: //div[@id='client-table_length']//a
[INFO] 13-06-2023 00:11:38 [Log] - Click on element By.xpath: //div[@id='client-table_length']//a
[INFO] 13-06-2023 00:11:38 [Log] - Verify element visible By.xpath: //div[@id='select2-drop']//ul//li[normalize-space()='All']
[INFO] 13-06-2023 00:11:38 [Log] - Click on element By.xpath: //div[@id='select2-drop']//ul//li[normalize-space()='All']
[INFO] 13-06-2023 00:11:40 [Log] - Verify element visible By.xpath: //input[@placeholder='Search']
[INFO] 13-06-2023 00:11:40 [Log] - Clear value in textbox By.xpath: //input[@placeholder='Search']
[INFO] 13-06-2023 00:11:40 [Log] - Verify element visible By.xpath: //input[@placeholder='Search']
[INFO] 13-06-2023 00:11:40 [Log] - Set text hanh on By.xpath: //input[@placeholder='Search']
[INFO] 13-06-2023 00:11:44 [Log] - Scroll to element [[ChromeDriver: chrome on WINDOWS (289af1bfd073e94c0d780b8754f77945)] -> xpath: //table//tbody/tr[1]/td[2]]
[INFO] 13-06-2023 00:11:44 [Log] - hanh - data exists!
[INFO] 13-06-2023 00:11:44 [Log] - Scroll to element [[ChromeDriver: chrome on WINDOWS (289af1bfd073e94c0d780b8754f77945)] -> xpath: //table//tbody/tr[1]/td[9]/a[2]]
[INFO] 13-06-2023 00:11:45 [Log] - Verify element visible By.id: confirmationModalTitle
[INFO] 13-06-2023 00:11:46 [Log] - Verify Equals: Delete? = Delete?
[INFO] 13-06-2023 00:11:46 [Log] - Verify element visible By.id: confirmationModalContent
[INFO] 13-06-2023 00:11:47 [Log] - Verify Equals: Are you sure? You won't be able to undo this action! = Are you sure? You won't be able to undo this action!
[INFO] 13-06-2023 00:11:47 [Log] - Verify element visible By.id: confirmDeleteButton
[INFO] 13-06-2023 00:11:47 [Log] - Click on element By.id: confirmDeleteButton
[INFO] 13-06-2023 00:11:48 [Log] - Verify element visible By.xpath: //div[contains(text(),'The record has been deleted.')]
[INFO] 13-06-2023 00:11:49 [Log] - Verify Equals: The record has been deleted. = The record has been deleted.
[INFO] 13-06-2023 00:11:49 [WebDriverManager] - Using chromedriver 114.0.5735.90 (resolved driver for Chrome 114)
[INFO] 13-06-2023 00:11:49 [WebDriverManager] - Exporting webdriver.chrome.driver as C:\Users\Admin\.cache\selenium\chromedriver\win32\114.0.5735.90\chromedriver.exe
[INFO] 13-06-2023 00:11:55 [Log] - Verify element visible By.id: email
[INFO] 13-06-2023 00:11:55 [Log] - Verify element visible By.id: email
[INFO] 13-06-2023 00:11:55 [Log] - Clear and Fill admin@demo.com on By.id: email
[INFO] 13-06-2023 00:11:55 [Log] - Verify element visible By.id: password
[INFO] 13-06-2023 00:11:56 [Log] - Verify element visible By.id: password
[INFO] 13-06-2023 00:11:56 [Log] - Clear and Fill riseDemo on By.id: password
[INFO] 13-06-2023 00:11:56 [Log] - Verify element visible By.xpath: //button[normalize-space()='Sign in']
[INFO] 13-06-2023 00:12:00 [Log] - Click on element By.xpath: //button[normalize-space()='Sign in']
[INFO] 13-06-2023 00:12:02 [Log] - Verify element visible By.xpath: //span[contains(text(),'Clients')]
[INFO] 13-06-2023 00:12:04 [Log] - Click on element By.xpath: //span[contains(text(),'Clients')]
[INFO] 13-06-2023 00:12:06 [Log] - Verify element visible By.xpath: //a[contains(text(),'Clients')]
[INFO] 13-06-2023 00:12:06 [Log] - Click on element By.xpath: //a[contains(text(),'Clients')]
[INFO] 13-06-2023 00:12:10 [Log] - Verify element visible By.xpath: //div[@id='client-table_length']//a
[INFO] 13-06-2023 00:12:10 [Log] - Click on element By.xpath: //div[@id='client-table_length']//a
[INFO] 13-06-2023 00:12:10 [Log] - Verify element visible By.xpath: //div[@id='select2-drop']//ul//li[normalize-space()='All']
[INFO] 13-06-2023 00:12:10 [Log] - Click on element By.xpath: //div[@id='select2-drop']//ul//li[normalize-space()='All']
[INFO] 13-06-2023 00:12:13 [Log] - Verify element visible By.xpath: //input[@placeholder='Search']
[INFO] 13-06-2023 00:12:13 [Log] - Clear value in textbox By.xpath: //input[@placeholder='Search']
[INFO] 13-06-2023 00:12:13 [Log] - Verify element visible By.xpath: //input[@placeholder='Search']
[INFO] 13-06-2023 00:12:13 [Log] - Set text hanhbui on By.xpath: //input[@placeholder='Search']
[INFO] 13-06-2023 00:12:47 [Log] - No Folder: F:\Eclipse\buihanh-doanTN-BDD\ExportData/Images
[INFO] 13-06-2023 00:12:47 [Log] - Folder created: F:\Eclipse\buihanh-doanTN-BDD\ExportData\Images
[INFO] 13-06-2023 00:12:47 [Log] - Driver for Screenshot: ChromeDriver: chrome on WINDOWS (f3cb445d6271c61a015000cabc0afa60)
[INFO] 13-06-2023 00:12:47 [Log] - Screenshot taken: Confirm deletion of a record
[INFO] 13-06-2023 00:12:47 [Log] - Screenshot taken current URL: https://rise.fairsketch.com/clients
[INFO] 13-06-2023 00:12:48 [WebDriverManager] - Using chromedriver 114.0.5735.90 (resolved driver for Chrome 114)
[INFO] 13-06-2023 00:12:48 [WebDriverManager] - Exporting webdriver.chrome.driver as C:\Users\Admin\.cache\selenium\chromedriver\win32\114.0.5735.90\chromedriver.exe
[INFO] 13-06-2023 00:12:54 [Log] - Verify element visible By.id: email
[INFO] 13-06-2023 00:12:55 [Log] - Verify element visible By.id: email
[INFO] 13-06-2023 00:12:55 [Log] - Clear and Fill admin@demo.com on By.id: email
[INFO] 13-06-2023 00:12:55 [Log] - Verify element visible By.id: password
[INFO] 13-06-2023 00:12:55 [Log] - Verify element visible By.id: password
[INFO] 13-06-2023 00:12:55 [Log] - Clear and Fill riseDemo on By.id: password
[INFO] 13-06-2023 00:12:55 [Log] - Verify element visible By.xpath: //button[normalize-space()='Sign in']
[INFO] 13-06-2023 00:12:58 [Log] - Click on element By.xpath: //button[normalize-space()='Sign in']
[INFO] 13-06-2023 00:13:00 [Log] - Verify element visible By.xpath: //span[contains(text(),'Clients')]
[INFO] 13-06-2023 00:13:01 [Log] - Click on element By.xpath: //span[contains(text(),'Clients')]
[INFO] 13-06-2023 00:13:03 [Log] - Verify element visible By.xpath: //a[contains(text(),'Clients')]
[INFO] 13-06-2023 00:13:03 [Log] - Click on element By.xpath: //a[contains(text(),'Clients')]
[INFO] 13-06-2023 00:13:07 [Log] - Verify element visible By.xpath: //div[@id='client-table_length']//a
[INFO] 13-06-2023 00:13:07 [Log] - Click on element By.xpath: //div[@id='client-table_length']//a
[INFO] 13-06-2023 00:13:07 [Log] - Verify element visible By.xpath: //div[@id='select2-drop']//ul//li[normalize-space()='All']
[INFO] 13-06-2023 00:13:07 [Log] - Click on element By.xpath: //div[@id='select2-drop']//ul//li[normalize-space()='All']
[INFO] 13-06-2023 00:13:10 [Log] - Verify element visible By.xpath: //input[@placeholder='Search']
[INFO] 13-06-2023 00:13:10 [Log] - Clear value in textbox By.xpath: //input[@placeholder='Search']
[INFO] 13-06-2023 00:13:10 [Log] - Verify element visible By.xpath: //input[@placeholder='Search']
[INFO] 13-06-2023 00:13:10 [Log] - Set text hanhbui on By.xpath: //input[@placeholder='Search']
[INFO] 13-06-2023 00:13:44 [Log] - Driver for Screenshot: ChromeDriver: chrome on WINDOWS (74e30fa967761af4b113dbc1f7e2b289)
[INFO] 13-06-2023 00:13:44 [Log] - Screenshot taken: Confirm cancel deletion of a record
[INFO] 13-06-2023 00:13:44 [Log] - Screenshot taken current URL: https://rise.fairsketch.com/clients
[INFO] 13-06-2023 00:13:49 [WebDriverManager] - Using chromedriver 114.0.5735.90 (resolved driver for Chrome 114)
[INFO] 13-06-2023 00:13:49 [WebDriverManager] - Exporting webdriver.chrome.driver as C:\Users\Admin\.cache\selenium\chromedriver\win32\114.0.5735.90\chromedriver.exe
[INFO] 13-06-2023 00:13:56 [Log] - Verify element visible By.id: email
[INFO] 13-06-2023 00:13:56 [Log] - Verify element visible By.id: email
[INFO] 13-06-2023 00:13:56 [Log] - Clear and Fill admin@demo.com on By.id: email
[INFO] 13-06-2023 00:13:56 [Log] - Verify element visible By.id: password
[INFO] 13-06-2023 00:13:56 [Log] - Verify element visible By.id: password
[INFO] 13-06-2023 00:13:56 [Log] - Clear and Fill riseDemo on By.id: password
[INFO] 13-06-2023 00:13:57 [Log] - Verify element visible By.xpath: //button[normalize-space()='Sign in']
[INFO] 13-06-2023 00:14:00 [Log] - Click on element By.xpath: //button[normalize-space()='Sign in']
[INFO] 13-06-2023 00:14:01 [Log] - Verify element visible By.xpath: //span[contains(text(),'Clients')]
[INFO] 13-06-2023 00:14:03 [Log] - Click on element By.xpath: //span[contains(text(),'Clients')]
[INFO] 13-06-2023 00:14:03 [Log] - Verify element visible By.partialLinkText: Import clien
[INFO] 13-06-2023 00:14:04 [Log] - Click on element By.partialLinkText: Import clien
[INFO] 13-06-2023 00:14:10 [Log] - Upload File With Local Form: C:\Users\Admin\Downloads\Login.xlsx
[INFO] 13-06-2023 00:14:10 [Log] - Verify element visible By.xpath: //button[@id='form-next']
[INFO] 13-06-2023 00:14:11 [Log] - Driver for Screenshot: ChromeDriver: chrome on WINDOWS (df090c8dadaa6236c09e4f9a627e2dd5)
[INFO] 13-06-2023 00:14:11 [Log] - Screenshot taken: User uploaded the correct file format but wrong template
[INFO] 13-06-2023 00:14:11 [Log] - Screenshot taken current URL: https://rise.fairsketch.com/clients
[INFO] 13-06-2023 00:14:12 [WebDriverManager] - Using chromedriver 114.0.5735.90 (resolved driver for Chrome 114)
[INFO] 13-06-2023 00:14:12 [WebDriverManager] - Exporting webdriver.chrome.driver as C:\Users\Admin\.cache\selenium\chromedriver\win32\114.0.5735.90\chromedriver.exe
[INFO] 13-06-2023 00:14:18 [Log] - Verify element visible By.id: email
[INFO] 13-06-2023 00:14:18 [Log] - Verify element visible By.id: email
[INFO] 13-06-2023 00:14:18 [Log] - Clear and Fill admin@demo.com on By.id: email
[INFO] 13-06-2023 00:14:18 [Log] - Verify element visible By.id: password
[INFO] 13-06-2023 00:14:18 [Log] - Verify element visible By.id: password
[INFO] 13-06-2023 00:14:18 [Log] - Clear and Fill riseDemo on By.id: password
[INFO] 13-06-2023 00:14:18 [Log] - Verify element visible By.xpath: //button[normalize-space()='Sign in']
[INFO] 13-06-2023 00:14:21 [Log] - Click on element By.xpath: //button[normalize-space()='Sign in']
[INFO] 13-06-2023 00:14:22 [Log] - Verify element visible By.xpath: //span[contains(text(),'Clients')]
[INFO] 13-06-2023 00:14:24 [Log] - Click on element By.xpath: //span[contains(text(),'Clients')]
[INFO] 13-06-2023 00:14:24 [Log] - Verify element visible By.partialLinkText: Import clien
[INFO] 13-06-2023 00:14:24 [Log] - Click on element By.partialLinkText: Import clien
[INFO] 13-06-2023 00:14:30 [Log] - Upload File With Local Form: ‪C:\Users\Admin\Downloads\Book1.xlsx
[INFO] 13-06-2023 00:14:30 [Log] - Verify element visible By.xpath: //button[@id='form-next']
[INFO] 13-06-2023 00:14:32 [Log] - Driver for Screenshot: ChromeDriver: chrome on WINDOWS (6861f861736c2ff43e4234733cab45b6)
[INFO] 13-06-2023 00:14:32 [Log] - Screenshot taken: User uploaded the correct file format but wrong template
[INFO] 13-06-2023 00:14:32 [Log] - Screenshot taken current URL: https://rise.fairsketch.com/clients
[INFO] 13-06-2023 00:14:36 [WebDriverManager] - Using chromedriver 114.0.5735.90 (resolved driver for Chrome 114)
[INFO] 13-06-2023 00:14:36 [WebDriverManager] - Exporting webdriver.chrome.driver as C:\Users\Admin\.cache\selenium\chromedriver\win32\114.0.5735.90\chromedriver.exe
[INFO] 13-06-2023 00:14:41 [Log] - Verify element visible By.id: email
[INFO] 13-06-2023 00:14:41 [Log] - Clear value in textbox By.id: email
[INFO] 13-06-2023 00:14:41 [Log] - Verify element visible By.id: email
[INFO] 13-06-2023 00:14:41 [Log] - Set text admin@demo.com on By.id: email
[INFO] 13-06-2023 00:14:41 [Log] - Verify element visible By.id: password
[INFO] 13-06-2023 00:14:41 [Log] - Clear value in textbox By.id: password
[INFO] 13-06-2023 00:14:41 [Log] - Verify element visible By.id: password
[INFO] 13-06-2023 00:14:42 [Log] - Set text riseDemo on By.id: password
[INFO] 13-06-2023 00:14:42 [Log] - Verify element visible By.xpath: //button[normalize-space()='Sign in']
[INFO] 13-06-2023 00:14:44 [Log] - Click on element By.xpath: //button[normalize-space()='Sign in']
[INFO] 13-06-2023 00:14:45 [Log] - Verify Equals: Dashboard | RISE - Ultimate Project Manager and CRM = Dashboard | RISE - Ultimate Project Manager and CRM
[INFO] 13-06-2023 00:14:45 [WebDriverManager] - Using chromedriver 114.0.5735.90 (resolved driver for Chrome 114)
[INFO] 13-06-2023 00:14:45 [WebDriverManager] - Exporting webdriver.chrome.driver as C:\Users\Admin\.cache\selenium\chromedriver\win32\114.0.5735.90\chromedriver.exe
[INFO] 13-06-2023 00:14:51 [Log] - Verify element visible By.id: email
[INFO] 13-06-2023 00:14:51 [Log] - Clear value in textbox By.id: email
[INFO] 13-06-2023 00:14:51 [Log] - Verify element visible By.id: email
[INFO] 13-06-2023 00:14:51 [Log] - Set text client@đemo.com on By.id: email
[INFO] 13-06-2023 00:14:51 [Log] - Verify element visible By.id: password
[INFO] 13-06-2023 00:14:51 [Log] - Clear value in textbox By.id: password
[INFO] 13-06-2023 00:14:51 [Log] - Verify element visible By.id: password
[INFO] 13-06-2023 00:14:51 [Log] - Set text riseDemo on By.id: password
[INFO] 13-06-2023 00:14:51 [Log] - Verify element visible By.xpath: //button[normalize-space()='Sign in']
[INFO] 13-06-2023 00:14:51 [Log] - Click on element By.xpath: //button[normalize-space()='Sign in']
[INFO] 13-06-2023 00:14:52 [Log] - Verify Equals: Sign in | RISE - Ultimate Project Manager and CRM != Dashboard | RISE - Ultimate Project Manager and CRM
[INFO] 13-06-2023 00:14:52 [Log] - Driver for Screenshot: ChromeDriver: chrome on WINDOWS (b33a214e0c51b983c14af80650b080bc)
[INFO] 13-06-2023 00:14:53 [Log] - Screenshot taken: Signin with valid credentials
[INFO] 13-06-2023 00:14:53 [Log] - Screenshot taken current URL: https://rise.fairsketch.com/signin
[INFO] 13-06-2023 00:14:54 [WebDriverManager] - Using chromedriver 114.0.5735.90 (resolved driver for Chrome 114)
[INFO] 13-06-2023 00:14:54 [WebDriverManager] - Exporting webdriver.chrome.driver as C:\Users\Admin\.cache\selenium\chromedriver\win32\114.0.5735.90\chromedriver.exe
[INFO] 13-06-2023 00:15:00 [Log] - Verify element visible By.id: email
[INFO] 13-06-2023 00:15:00 [Log] - Clear value in textbox By.id: email
[INFO] 13-06-2023 00:15:00 [Log] - Verify element visible By.id: email
[INFO] 13-06-2023 00:15:00 [Log] - Set text  on By.id: email
[INFO] 13-06-2023 00:15:00 [Log] - Verify element visible By.id: password
[INFO] 13-06-2023 00:15:00 [Log] - Clear value in textbox By.id: password
[INFO] 13-06-2023 00:15:00 [Log] - Verify element visible By.id: password
[INFO] 13-06-2023 00:15:00 [Log] - Set text  on By.id: password
[INFO] 13-06-2023 00:15:00 [Log] - Verify element visible By.xpath: //button[normalize-space()='Sign in']
[INFO] 13-06-2023 00:15:00 [Log] - Click on element By.xpath: //button[normalize-space()='Sign in']
[INFO] 13-06-2023 00:15:00 [Log] - Verify element visible By.id: email-error
[INFO] 13-06-2023 00:15:01 [Log] - Verify Equals: This field is required. = This field is required.
[INFO] 13-06-2023 00:15:01 [Log] - Verify element visible By.id: password-error
[INFO] 13-06-2023 00:15:02 [Log] - Verify Equals: This field is required. = This field is required.
[INFO] 13-06-2023 00:15:03 [WebDriverManager] - Using chromedriver 114.0.5735.90 (resolved driver for Chrome 114)
[INFO] 13-06-2023 00:15:03 [WebDriverManager] - Exporting webdriver.chrome.driver as C:\Users\Admin\.cache\selenium\chromedriver\win32\114.0.5735.90\chromedriver.exe
[INFO] 13-06-2023 00:15:10 [Log] - Verify element visible By.id: email
[INFO] 13-06-2023 00:15:10 [Log] - Verify element visible By.id: email
[INFO] 13-06-2023 00:15:10 [Log] - Clear and Fill admin on By.id: email
[INFO] 13-06-2023 00:15:10 [Log] - Verify element visible By.id: password
[INFO] 13-06-2023 00:15:10 [Log] - Verify element visible By.id: password
[INFO] 13-06-2023 00:15:10 [Log] - Clear and Fill riseDemo on By.id: password
[INFO] 13-06-2023 00:15:10 [Log] - Verify element visible By.xpath: //button[normalize-space()='Sign in']
[INFO] 13-06-2023 00:15:10 [Log] - Click on element By.xpath: //button[normalize-space()='Sign in']
[INFO] 13-06-2023 00:15:10 [Log] - Verify element visible By.id: email-error
[INFO] 13-06-2023 00:15:11 [Log] - Verify Equals: Please enter a valid email address. != Please enter a valid email address….
[INFO] 13-06-2023 00:15:11 [Log] - Driver for Screenshot: ChromeDriver: chrome on WINDOWS (2fe5141faa8893b62e1e3e8b35c834bd)
[INFO] 13-06-2023 00:15:12 [Log] - Screenshot taken: Signin with invalid email and valid password
[INFO] 13-06-2023 00:15:12 [Log] - Screenshot taken current URL: https://rise.fairsketch.com/signin
[INFO] 13-06-2023 00:15:13 [WebDriverManager] - Using chromedriver 114.0.5735.90 (resolved driver for Chrome 114)
[INFO] 13-06-2023 00:15:13 [WebDriverManager] - Exporting webdriver.chrome.driver as C:\Users\Admin\.cache\selenium\chromedriver\win32\114.0.5735.90\chromedriver.exe
[INFO] 13-06-2023 00:15:19 [Log] - Verify element visible By.id: email
[INFO] 13-06-2023 00:15:19 [Log] - Verify element visible By.id: email
[INFO] 13-06-2023 00:15:19 [Log] - Clear and Fill admin@@demo.com on By.id: email
[INFO] 13-06-2023 00:15:19 [Log] - Verify element visible By.id: password
[INFO] 13-06-2023 00:15:19 [Log] - Verify element visible By.id: password
[INFO] 13-06-2023 00:15:19 [Log] - Clear and Fill riseDemo on By.id: password
[INFO] 13-06-2023 00:15:19 [Log] - Verify element visible By.xpath: //button[normalize-space()='Sign in']
[INFO] 13-06-2023 00:15:19 [Log] - Click on element By.xpath: //button[normalize-space()='Sign in']
[INFO] 13-06-2023 00:15:19 [Log] - Verify element visible By.id: email-error
[INFO] 13-06-2023 00:15:20 [Log] - Verify Equals: Please enter a valid email address. = Please enter a valid email address.
[INFO] 13-06-2023 00:15:21 [WebDriverManager] - Using chromedriver 114.0.5735.90 (resolved driver for Chrome 114)
[INFO] 13-06-2023 00:15:21 [WebDriverManager] - Exporting webdriver.chrome.driver as C:\Users\Admin\.cache\selenium\chromedriver\win32\114.0.5735.90\chromedriver.exe
[INFO] 13-06-2023 00:15:26 [Log] - Verify element visible By.id: email
[INFO] 13-06-2023 00:15:26 [Log] - Verify element visible By.id: email
[INFO] 13-06-2023 00:15:27 [Log] - Clear and Fill @demo.com on By.id: email
[INFO] 13-06-2023 00:15:27 [Log] - Verify element visible By.id: password
[INFO] 13-06-2023 00:15:27 [Log] - Verify element visible By.id: password
[INFO] 13-06-2023 00:15:27 [Log] - Clear and Fill riseDemo on By.id: password
[INFO] 13-06-2023 00:15:27 [Log] - Verify element visible By.xpath: //button[normalize-space()='Sign in']
[INFO] 13-06-2023 00:15:27 [Log] - Click on element By.xpath: //button[normalize-space()='Sign in']
[INFO] 13-06-2023 00:15:27 [Log] - Verify element visible By.id: email-error
[INFO] 13-06-2023 00:15:28 [Log] - Verify Equals: Please enter a valid email address. = Please enter a valid email address.
[INFO] 13-06-2023 00:15:28 [WebDriverManager] - Using chromedriver 114.0.5735.90 (resolved driver for Chrome 114)
[INFO] 13-06-2023 00:15:28 [WebDriverManager] - Exporting webdriver.chrome.driver as C:\Users\Admin\.cache\selenium\chromedriver\win32\114.0.5735.90\chromedriver.exe
[INFO] 13-06-2023 00:15:34 [Log] - Verify element visible By.id: email
[INFO] 13-06-2023 00:15:34 [Log] - Verify element visible By.id: email
[INFO] 13-06-2023 00:15:34 [Log] - Clear and Fill admin11@demo.com on By.id: email
[INFO] 13-06-2023 00:15:34 [Log] - Verify element visible By.id: password
[INFO] 13-06-2023 00:15:34 [Log] - Verify element visible By.id: password
[INFO] 13-06-2023 00:15:34 [Log] - Clear and Fill riseDemo on By.id: password
[INFO] 13-06-2023 00:15:34 [Log] - Verify element visible By.xpath: //button[normalize-space()='Sign in']
[INFO] 13-06-2023 00:15:36 [Log] - Click on element By.xpath: //button[normalize-space()='Sign in']
[INFO] 13-06-2023 00:15:36 [Log] - Verify element visible By.xpath: //div[@role='alert']
[INFO] 13-06-2023 00:15:37 [Log] - Verify Equals: Authentication failed! = Authentication failed!
[INFO] 13-06-2023 00:15:37 [WebDriverManager] - Using chromedriver 114.0.5735.90 (resolved driver for Chrome 114)
[INFO] 13-06-2023 00:15:37 [WebDriverManager] - Exporting webdriver.chrome.driver as C:\Users\Admin\.cache\selenium\chromedriver\win32\114.0.5735.90\chromedriver.exe
[INFO] 13-06-2023 00:15:43 [Log] - Verify element visible By.id: email
[INFO] 13-06-2023 00:15:43 [Log] - Verify element visible By.id: email
[INFO] 13-06-2023 00:15:43 [Log] - Clear and Fill admin@demo.com on By.id: email
[INFO] 13-06-2023 00:15:43 [Log] - Verify element visible By.id: password
[INFO] 13-06-2023 00:15:43 [Log] - Verify element visible By.id: password
[INFO] 13-06-2023 00:15:43 [Log] - Clear and Fill riseDemo1 on By.id: password
[INFO] 13-06-2023 00:15:43 [Log] - Verify element visible By.xpath: //button[normalize-space()='Sign in']
[INFO] 13-06-2023 00:15:45 [Log] - Click on element By.xpath: //button[normalize-space()='Sign in']
[INFO] 13-06-2023 00:15:45 [Log] - Verify element visible By.xpath: //div[@role='alert']
[INFO] 13-06-2023 00:15:46 [Log] - Verify Equals: Authentication failed! = Authentication failed!
[INFO] 13-06-2023 00:15:50 [WebDriverManager] - Using chromedriver 114.0.5735.90 (resolved driver for Chrome 114)
[INFO] 13-06-2023 00:15:50 [WebDriverManager] - Exporting webdriver.chrome.driver as C:\Users\Admin\.cache\selenium\chromedriver\win32\114.0.5735.90\chromedriver.exe
[INFO] 13-06-2023 00:15:56 [Log] - Verify element visible By.xpath: //a[contains(text(),'Sign up')]
[INFO] 13-06-2023 00:15:57 [Log] - Click on element By.xpath: //a[contains(text(),'Sign up')]
[INFO] 13-06-2023 00:15:57 [Log] - Verify element visible By.xpath: //label[contains(text(),'Individual')]
[INFO] 13-06-2023 00:15:57 [Log] - Click on element By.xpath: //label[contains(text(),'Individual')]
[INFO] 13-06-2023 00:15:57 [Log] - Verify element visible By.id: first_name
[INFO] 13-06-2023 00:15:57 [Log] - Clear value in textbox By.id: first_name
[INFO] 13-06-2023 00:15:57 [Log] - Verify element visible By.id: first_name
[INFO] 13-06-2023 00:15:57 [Log] - Set text hanh on By.id: first_name
[INFO] 13-06-2023 00:15:57 [Log] - Verify element visible By.id: first_name
[INFO] 13-06-2023 00:15:57 [Log] - Clear value in textbox By.id: first_name
[INFO] 13-06-2023 00:15:57 [Log] - Verify element visible By.id: first_name
[INFO] 13-06-2023 00:15:57 [Log] - Set text bui on By.id: first_name
[INFO] 13-06-2023 00:15:57 [Log] - Verify element visible By.id: first_name
[INFO] 13-06-2023 00:15:57 [Log] - Clear value in textbox By.id: first_name
[INFO] 13-06-2023 00:15:58 [Log] - Verify element visible By.id: first_name
[INFO] 13-06-2023 00:15:58 [Log] - Set text hanh74873@gmail.com on By.id: first_name
[INFO] 13-06-2023 00:15:58 [Log] - Verify element visible By.id: first_name
[INFO] 13-06-2023 00:15:58 [Log] - Clear value in textbox By.id: first_name
[INFO] 13-06-2023 00:15:58 [Log] - Verify element visible By.id: first_name
[INFO] 13-06-2023 00:15:58 [Log] - Set text 27111992 on By.id: first_name
[INFO] 13-06-2023 00:15:58 [Log] - Verify element visible By.id: first_name
[INFO] 13-06-2023 00:15:58 [Log] - Clear value in textbox By.id: first_name
[INFO] 13-06-2023 00:15:58 [Log] - Verify element visible By.id: first_name
[INFO] 13-06-2023 00:15:58 [Log] - Set text 27111992 on By.id: first_name
[INFO] 13-06-2023 00:15:59 [Log] - Verify Equals: Sign up | RISE - Ultimate Project Manager and CRM != Sign in | RISE - Ultimate Project Manager and CRM
[INFO] 13-06-2023 00:15:59 [Log] - Driver for Screenshot: ChromeDriver: chrome on WINDOWS (cbdd59e9f93baf66fcbfd977ec02b960)
[INFO] 13-06-2023 00:16:00 [Log] - Screenshot taken: Sign up with vaild fields
[INFO] 13-06-2023 00:16:00 [Log] - Screenshot taken current URL: https://rise.fairsketch.com/signup
[INFO] 13-06-2023 00:16:01 [WebDriverManager] - Using chromedriver 114.0.5735.90 (resolved driver for Chrome 114)
[INFO] 13-06-2023 00:16:01 [WebDriverManager] - Exporting webdriver.chrome.driver as C:\Users\Admin\.cache\selenium\chromedriver\win32\114.0.5735.90\chromedriver.exe
[INFO] 13-06-2023 00:16:07 [Log] - Verify element visible By.xpath: //a[contains(text(),'Sign up')]
[INFO] 13-06-2023 00:16:07 [Log] - Click on element By.xpath: //a[contains(text(),'Sign up')]
[INFO] 13-06-2023 00:16:07 [Log] - Driver for Screenshot: ChromeDriver: chrome on WINDOWS (c8842d4455be1dbd49ae0ce4927abe1e)
[INFO] 13-06-2023 00:16:08 [Log] - Screenshot taken: Sign up without filling any details
[INFO] 13-06-2023 00:16:08 [Log] - Screenshot taken current URL: https://rise.fairsketch.com/signup
