[INFO] 13-06-2023 01:13:25 [WebDriverManager] - Using chromedriver 114.0.5735.90 (resolved driver for Chrome 114)
[INFO] 13-06-2023 01:13:25 [WebDriverManager] - Exporting webdriver.chrome.driver as C:\Users\Admin\.cache\selenium\chromedriver\win32\114.0.5735.90\chromedriver.exe
[INFO] 13-06-2023 01:13:32 [Log] - Verify element visible By.id: email
[INFO] 13-06-2023 01:13:32 [Log] - Clear value in textbox By.id: email
[INFO] 13-06-2023 01:13:33 [Log] - Verify element visible By.id: email
[INFO] 13-06-2023 01:13:33 [Log] - Set text admin@demo.com on By.id: email
[INFO] 13-06-2023 01:13:33 [Log] - Verify element visible By.id: password
[INFO] 13-06-2023 01:13:33 [Log] - Clear value in textbox By.id: password
[INFO] 13-06-2023 01:13:33 [Log] - Verify element visible By.id: password
[INFO] 13-06-2023 01:13:33 [Log] - Set text riseDemo on By.id: password
[INFO] 13-06-2023 01:13:33 [Log] - Verify element visible By.xpath: //button[normalize-space()='Sign in']
[INFO] 13-06-2023 01:13:35 [Log] - Click on element By.xpath: //button[normalize-space()='Sign in']
[INFO] 13-06-2023 01:13:36 [Log] - Verify Equals: Dashboard | RISE - Ultimate Project Manager and CRM = Dashboard | RISE - Ultimate Project Manager and CRM
[INFO] 13-06-2023 01:13:37 [WebDriverManager] - Using chromedriver 114.0.5735.90 (resolved driver for Chrome 114)
[INFO] 13-06-2023 01:13:37 [WebDriverManager] - Exporting webdriver.chrome.driver as C:\Users\Admin\.cache\selenium\chromedriver\win32\114.0.5735.90\chromedriver.exe
[INFO] 13-06-2023 01:13:42 [Log] - Verify element visible By.id: email
[INFO] 13-06-2023 01:13:42 [Log] - Clear value in textbox By.id: email
[INFO] 13-06-2023 01:13:42 [Log] - Verify element visible By.id: email
[INFO] 13-06-2023 01:13:42 [Log] - Set text client@demo.com on By.id: email
[INFO] 13-06-2023 01:13:42 [Log] - Verify element visible By.id: password
[INFO] 13-06-2023 01:13:43 [Log] - Clear value in textbox By.id: password
[INFO] 13-06-2023 01:13:43 [Log] - Verify element visible By.id: password
[INFO] 13-06-2023 01:13:43 [Log] - Set text riseDemo on By.id: password
[INFO] 13-06-2023 01:13:43 [Log] - Verify element visible By.xpath: //button[normalize-space()='Sign in']
[INFO] 13-06-2023 01:13:45 [Log] - Click on element By.xpath: //button[normalize-space()='Sign in']
[INFO] 13-06-2023 01:13:46 [Log] - Verify Equals: Dashboard | RISE - Ultimate Project Manager and CRM = Dashboard | RISE - Ultimate Project Manager and CRM
