[INFO] 13-06-2023 23:44:55 [WebDriverManager] - Using chromedriver 114.0.5735.90 (resolved driver for Chrome 114)
[INFO] 13-06-2023 23:44:55 [WebDriverManager] - Exporting webdriver.chrome.driver as C:\Users\Admin\.cache\selenium\chromedriver\win32\114.0.5735.90\chromedriver.exe
[INFO] 13-06-2023 23:45:12 [Log] - Verify element visible By.xpath: //a[contains(text(),'Sign up')]
[INFO] 13-06-2023 23:45:13 [Log] - Click on element By.xpath: //a[contains(text(),'Sign up')]
[INFO] 13-06-2023 23:45:13 [Log] - Verify element visible By.xpath: //label[contains(text(),'Individual')]
[INFO] 13-06-2023 23:45:13 [Log] - Click on element By.xpath: //label[contains(text(),'Individual')]
[INFO] 13-06-2023 23:45:13 [Log] - Verify element visible By.id: first_name
[INFO] 13-06-2023 23:45:14 [Log] - Clear value in textbox By.id: first_name
[INFO] 13-06-2023 23:45:14 [Log] - Verify element visible By.id: first_name
[INFO] 13-06-2023 23:45:14 [Log] - Set text hanh on By.id: first_name
[INFO] 13-06-2023 23:45:14 [Log] - Verify element visible By.id: first_name
[INFO] 13-06-2023 23:45:14 [Log] - Clear value in textbox By.id: first_name
[INFO] 13-06-2023 23:45:14 [Log] - Verify element visible By.id: first_name
[INFO] 13-06-2023 23:45:14 [Log] - Set text bui on By.id: first_name
[INFO] 13-06-2023 23:45:14 [Log] - Verify element visible By.id: first_name
[INFO] 13-06-2023 23:45:14 [Log] - Clear value in textbox By.id: first_name
[INFO] 13-06-2023 23:45:14 [Log] - Verify element visible By.id: first_name
[INFO] 13-06-2023 23:45:14 [Log] - Set text hanh74873@gmail.com on By.id: first_name
[INFO] 13-06-2023 23:45:14 [Log] - Verify element visible By.id: first_name
[INFO] 13-06-2023 23:45:14 [Log] - Clear value in textbox By.id: first_name
[INFO] 13-06-2023 23:45:14 [Log] - Verify element visible By.id: first_name
[INFO] 13-06-2023 23:45:15 [Log] - Set text 27111992 on By.id: first_name
[INFO] 13-06-2023 23:45:15 [Log] - Verify element visible By.id: first_name
[INFO] 13-06-2023 23:45:15 [Log] - Clear value in textbox By.id: first_name
[INFO] 13-06-2023 23:45:15 [Log] - Verify element visible By.id: first_name
[INFO] 13-06-2023 23:45:15 [Log] - Set text 27111992 on By.id: first_name
[INFO] 13-06-2023 23:45:16 [Log] - Verify Equals: Sign up | RISE - Ultimate Project Manager and CRM != Sign in | RISE - Ultimate Project Manager and CRM
[INFO] 13-06-2023 23:45:16 [Log] - Driver for Screenshot: ChromeDriver: chrome on WINDOWS (2903d8cb3194301befe78d5b2d2601d8)
[INFO] 13-06-2023 23:45:17 [Log] - Screenshot taken: Sign up with vaild fields
[INFO] 13-06-2023 23:45:17 [Log] - Screenshot taken current URL: https://rise.fairsketch.com/signup
[INFO] 13-06-2023 23:45:18 [WebDriverManager] - Using chromedriver 114.0.5735.90 (resolved driver for Chrome 114)
[INFO] 13-06-2023 23:45:18 [WebDriverManager] - Exporting webdriver.chrome.driver as C:\Users\Admin\.cache\selenium\chromedriver\win32\114.0.5735.90\chromedriver.exe
