[INFO] 14-06-2023 00:13:35 [WebDriverManager] - Using chromedriver 114.0.5735.90 (resolved driver for Chrome 114)
[INFO] 14-06-2023 00:13:35 [WebDriverManager] - Exporting webdriver.chrome.driver as C:\Users\Admin\.cache\selenium\chromedriver\win32\114.0.5735.90\chromedriver.exe
[INFO] 14-06-2023 00:13:47 [Log] - Verify element visible By.id: email
[INFO] 14-06-2023 00:13:47 [Log] - Verify element visible By.id: email
[INFO] 14-06-2023 00:13:47 [Log] - Clear and Fill admin@demo.com on By.id: email
[INFO] 14-06-2023 00:13:47 [Log] - Verify element visible By.id: password
[INFO] 14-06-2023 00:13:47 [Log] - Verify element visible By.id: password
[INFO] 14-06-2023 00:13:47 [Log] - Clear and Fill riseDemo on By.id: password
[INFO] 14-06-2023 00:13:47 [Log] - Verify element visible By.xpath: //button[normalize-space()='Sign in']
[INFO] 14-06-2023 00:13:53 [Log] - Click on element By.xpath: //button[normalize-space()='Sign in']
[INFO] 14-06-2023 00:13:54 [Log] - Verify element visible By.xpath: //span[contains(text(),'Clients')]
[INFO] 14-06-2023 00:13:56 [Log] - Click on element By.xpath: //span[contains(text(),'Clients')]
[INFO] 14-06-2023 00:13:56 [Log] - Verify element visible By.partialLinkText: Import clien
[INFO] 14-06-2023 00:13:56 [Log] - Click on element By.partialLinkText: Import clien
[INFO] 14-06-2023 00:14:03 [Log] - Upload File With Local Form: C:\Users\Admin\Downloads\webUI.docx
[INFO] 14-06-2023 00:14:04 [Log] - Verify element visible By.xpath: //div[@id='uploaded-file-previews']/div/div[2]/strong
[INFO] 14-06-2023 00:14:05 [Log] - Verify Equals: File type is not allowed. = File type is not allowed.
[INFO] 14-06-2023 00:14:05 [WebDriverManager] - Using chromedriver 114.0.5735.90 (resolved driver for Chrome 114)
[INFO] 14-06-2023 00:14:05 [WebDriverManager] - Exporting webdriver.chrome.driver as C:\Users\Admin\.cache\selenium\chromedriver\win32\114.0.5735.90\chromedriver.exe
[INFO] 14-06-2023 00:14:16 [Log] - Verify element visible By.id: email
[INFO] 14-06-2023 00:14:16 [Log] - Verify element visible By.id: email
[INFO] 14-06-2023 00:14:16 [Log] - Clear and Fill admin@demo.com on By.id: email
[INFO] 14-06-2023 00:14:16 [Log] - Verify element visible By.id: password
[INFO] 14-06-2023 00:14:16 [Log] - Verify element visible By.id: password
[INFO] 14-06-2023 00:14:16 [Log] - Clear and Fill riseDemo on By.id: password
[INFO] 14-06-2023 00:14:16 [Log] - Verify element visible By.xpath: //button[normalize-space()='Sign in']
[INFO] 14-06-2023 00:14:21 [Log] - Click on element By.xpath: //button[normalize-space()='Sign in']
[INFO] 14-06-2023 00:14:23 [Log] - Verify element visible By.xpath: //span[contains(text(),'Clients')]
[INFO] 14-06-2023 00:14:24 [Log] - Click on element By.xpath: //span[contains(text(),'Clients')]
[INFO] 14-06-2023 00:14:24 [Log] - Verify element visible By.partialLinkText: Import clien
[INFO] 14-06-2023 00:14:24 [Log] - Click on element By.partialLinkText: Import clien
[INFO] 14-06-2023 00:14:30 [Log] - Upload File With Local Form: C:\Users\Admin\Downloads\ExcelReader.txt
[INFO] 14-06-2023 00:14:31 [Log] - Verify element visible By.xpath: //div[@id='uploaded-file-previews']/div/div[2]/strong
[INFO] 14-06-2023 00:14:32 [Log] - Verify Equals: Please upload a excel file. (.xlsx) = Please upload a excel file. (.xlsx)
[INFO] 14-06-2023 00:14:32 [WebDriverManager] - Using chromedriver 114.0.5735.90 (resolved driver for Chrome 114)
[INFO] 14-06-2023 00:14:32 [WebDriverManager] - Exporting webdriver.chrome.driver as C:\Users\Admin\.cache\selenium\chromedriver\win32\114.0.5735.90\chromedriver.exe
[INFO] 14-06-2023 00:14:42 [Log] - Verify element visible By.id: email
[INFO] 14-06-2023 00:14:42 [Log] - Verify element visible By.id: email
[INFO] 14-06-2023 00:14:43 [Log] - Clear and Fill admin@demo.com on By.id: email
[INFO] 14-06-2023 00:14:43 [Log] - Verify element visible By.id: password
[INFO] 14-06-2023 00:14:43 [Log] - Verify element visible By.id: password
[INFO] 14-06-2023 00:14:43 [Log] - Clear and Fill riseDemo on By.id: password
[INFO] 14-06-2023 00:14:43 [Log] - Verify element visible By.xpath: //button[normalize-space()='Sign in']
[INFO] 14-06-2023 00:14:47 [Log] - Click on element By.xpath: //button[normalize-space()='Sign in']
[INFO] 14-06-2023 00:14:48 [Log] - Verify element visible By.xpath: //span[contains(text(),'Clients')]
[INFO] 14-06-2023 00:14:50 [Log] - Click on element By.xpath: //span[contains(text(),'Clients')]
[INFO] 14-06-2023 00:14:50 [Log] - Verify element visible By.partialLinkText: Import clien
[INFO] 14-06-2023 00:14:50 [Log] - Click on element By.partialLinkText: Import clien
[INFO] 14-06-2023 00:14:56 [Log] - Upload File With Local Form: C:\Users\Admin\Downloads\yamada.jpg
[INFO] 14-06-2023 00:14:57 [Log] - Verify element visible By.xpath: //div[@id='uploaded-file-previews']/div/div[2]/strong
[INFO] 14-06-2023 00:14:58 [Log] - Verify Equals: Please upload a excel file. (.xlsx) = Please upload a excel file. (.xlsx)
[INFO] 14-06-2023 00:14:58 [WebDriverManager] - Using chromedriver 114.0.5735.90 (resolved driver for Chrome 114)
[INFO] 14-06-2023 00:14:58 [WebDriverManager] - Exporting webdriver.chrome.driver as C:\Users\Admin\.cache\selenium\chromedriver\win32\114.0.5735.90\chromedriver.exe
[INFO] 14-06-2023 00:15:07 [Log] - Verify element visible By.id: email
[INFO] 14-06-2023 00:15:07 [Log] - Verify element visible By.id: email
[INFO] 14-06-2023 00:15:07 [Log] - Clear and Fill admin@demo.com on By.id: email
[INFO] 14-06-2023 00:15:07 [Log] - Verify element visible By.id: password
[INFO] 14-06-2023 00:15:07 [Log] - Verify element visible By.id: password
[INFO] 14-06-2023 00:15:07 [Log] - Clear and Fill riseDemo on By.id: password
[INFO] 14-06-2023 00:15:07 [Log] - Verify element visible By.xpath: //button[normalize-space()='Sign in']
[INFO] 14-06-2023 00:15:13 [Log] - Click on element By.xpath: //button[normalize-space()='Sign in']
[INFO] 14-06-2023 00:15:14 [Log] - Verify element visible By.xpath: //span[contains(text(),'Clients')]
[INFO] 14-06-2023 00:15:15 [Log] - Click on element By.xpath: //span[contains(text(),'Clients')]
[INFO] 14-06-2023 00:15:16 [Log] - Verify element visible By.partialLinkText: Import clien
[INFO] 14-06-2023 00:15:16 [Log] - Click on element By.partialLinkText: Import clien
[INFO] 14-06-2023 00:15:22 [Log] - Upload File With Local Form: ‪C:\Users\Admin\Downloads\10. Cucumber.pdf
[ERROR] 14-06-2023 00:15:40 [Log] - Element not exist. By.xpath: //div[@id='uploaded-file-previews']/div/div[2]/strong
[INFO] 14-06-2023 00:15:40 [Log] - Driver for Screenshot: ChromeDriver: chrome on WINDOWS (54673fd948349d9d48da6794fc705834)
[INFO] 14-06-2023 00:15:40 [WebDriverManager] - Using chromedriver 114.0.5735.90 (resolved driver for Chrome 114)
[INFO] 14-06-2023 00:15:40 [WebDriverManager] - Exporting webdriver.chrome.driver as C:\Users\Admin\.cache\selenium\chromedriver\win32\114.0.5735.90\chromedriver.exe
[INFO] 14-06-2023 00:16:01 [Log] - Verify element visible By.id: email
[INFO] 14-06-2023 00:16:02 [Log] - Verify element visible By.id: email
[INFO] 14-06-2023 00:16:02 [Log] - Clear and Fill admin@demo.com on By.id: email
[INFO] 14-06-2023 00:16:02 [Log] - Verify element visible By.id: password
[INFO] 14-06-2023 00:16:02 [Log] - Verify element visible By.id: password
[INFO] 14-06-2023 00:16:02 [Log] - Clear and Fill riseDemo on By.id: password
[INFO] 14-06-2023 00:16:02 [Log] - Verify element visible By.xpath: //button[normalize-space()='Sign in']
[INFO] 14-06-2023 00:16:07 [Log] - Click on element By.xpath: //button[normalize-space()='Sign in']
[INFO] 14-06-2023 00:16:08 [Log] - Verify element visible By.xpath: //span[contains(text(),'Clients')]
[INFO] 14-06-2023 00:16:10 [Log] - Click on element By.xpath: //span[contains(text(),'Clients')]
[INFO] 14-06-2023 00:16:10 [Log] - Verify element visible By.partialLinkText: Import clien
[INFO] 14-06-2023 00:16:10 [Log] - Click on element By.partialLinkText: Import clien
[INFO] 14-06-2023 00:16:16 [Log] - Upload File With Local Form: C:\Users\Admin\Downloads\TestCase.xlsx
[INFO] 14-06-2023 00:16:16 [Log] - Verify element visible By.xpath: //button[@id='form-next']
[INFO] 14-06-2023 00:16:17 [Log] - Driver for Screenshot: ChromeDriver: chrome on WINDOWS (c5f6383dd224bf9af3569f50ba66dbaa)
[INFO] 14-06-2023 00:16:18 [Log] - Screenshot taken: User uploaded the correct file format but wrong template
[INFO] 14-06-2023 00:16:18 [Log] - Screenshot taken current URL: https://rise.fairsketch.com/clients
[INFO] 14-06-2023 00:16:18 [WebDriverManager] - Using chromedriver 114.0.5735.90 (resolved driver for Chrome 114)
[INFO] 14-06-2023 00:16:18 [WebDriverManager] - Exporting webdriver.chrome.driver as C:\Users\Admin\.cache\selenium\chromedriver\win32\114.0.5735.90\chromedriver.exe
[INFO] 14-06-2023 00:16:28 [Log] - Verify element visible By.id: email
[INFO] 14-06-2023 00:16:28 [Log] - Verify element visible By.id: email
[INFO] 14-06-2023 00:16:28 [Log] - Clear and Fill admin@demo.com on By.id: email
[INFO] 14-06-2023 00:16:28 [Log] - Verify element visible By.id: password
[INFO] 14-06-2023 00:16:28 [Log] - Verify element visible By.id: password
[INFO] 14-06-2023 00:16:28 [Log] - Clear and Fill riseDemo on By.id: password
[INFO] 14-06-2023 00:16:29 [Log] - Verify element visible By.xpath: //button[normalize-space()='Sign in']
[INFO] 14-06-2023 00:16:32 [Log] - Click on element By.xpath: //button[normalize-space()='Sign in']
[INFO] 14-06-2023 00:16:33 [Log] - Verify element visible By.xpath: //span[contains(text(),'Clients')]
[INFO] 14-06-2023 00:16:35 [Log] - Click on element By.xpath: //span[contains(text(),'Clients')]
[INFO] 14-06-2023 00:16:35 [Log] - Verify element visible By.partialLinkText: Import clien
[INFO] 14-06-2023 00:16:35 [Log] - Click on element By.partialLinkText: Import clien
[INFO] 14-06-2023 00:16:41 [Log] - Upload File With Local Form: ‪C:\Users\Admin\Downloads\NICHO3_Test plan_v1.1.xlsx
[INFO] 14-06-2023 00:16:41 [Log] - Verify element visible By.xpath: //button[@id='form-next']
[INFO] 14-06-2023 00:16:42 [Log] - Driver for Screenshot: ChromeDriver: chrome on WINDOWS (1b2e93d1fae2d8cd67ba432e70298d28)
[INFO] 14-06-2023 00:16:43 [Log] - Screenshot taken: User uploaded the correct file format but wrong template
[INFO] 14-06-2023 00:16:43 [Log] - Screenshot taken current URL: https://rise.fairsketch.com/clients
