[INFO] 13-06-2023 00:25:37 [WebDriverManager] - Using chromedriver 114.0.5735.90 (resolved driver for Chrome 114)
[INFO] 13-06-2023 00:25:37 [WebDriverManager] - Exporting webdriver.chrome.driver as C:\Users\Admin\.cache\selenium\chromedriver\win32\114.0.5735.90\chromedriver.exe
[INFO] 13-06-2023 00:25:43 [Log] - Verify element visible By.id: email
[INFO] 13-06-2023 00:25:43 [Log] - Clear value in textbox By.id: email
[INFO] 13-06-2023 00:25:44 [Log] - Verify element visible By.id: email
[INFO] 13-06-2023 00:25:44 [Log] - Set text admin@demo.com on By.id: email
[INFO] 13-06-2023 00:25:44 [Log] - Verify element visible By.id: password
[INFO] 13-06-2023 00:25:44 [Log] - Clear value in textbox By.id: password
[INFO] 13-06-2023 00:25:44 [Log] - Verify element visible By.id: password
[INFO] 13-06-2023 00:25:44 [Log] - Set text riseDemo on By.id: password
[INFO] 13-06-2023 00:25:44 [Log] - Verify element visible By.xpath: //button[normalize-space()='Sign in']
[INFO] 13-06-2023 00:25:47 [Log] - Click on element By.xpath: //button[normalize-space()='Sign in']
[INFO] 13-06-2023 00:25:48 [Log] - Verify Equals: Dashboard | RISE - Ultimate Project Manager and CRM = Dashboard | RISE - Ultimate Project Manager and CRM
[INFO] 13-06-2023 00:25:48 [WebDriverManager] - Using chromedriver 114.0.5735.90 (resolved driver for Chrome 114)
[INFO] 13-06-2023 00:25:48 [WebDriverManager] - Exporting webdriver.chrome.driver as C:\Users\Admin\.cache\selenium\chromedriver\win32\114.0.5735.90\chromedriver.exe
[INFO] 13-06-2023 00:25:54 [Log] - Verify element visible By.id: email
[INFO] 13-06-2023 00:25:54 [Log] - Clear value in textbox By.id: email
[INFO] 13-06-2023 00:25:54 [Log] - Verify element visible By.id: email
[INFO] 13-06-2023 00:25:54 [Log] - Set text client@đemo.com on By.id: email
[INFO] 13-06-2023 00:25:54 [Log] - Verify element visible By.id: password
[INFO] 13-06-2023 00:25:54 [Log] - Clear value in textbox By.id: password
[INFO] 13-06-2023 00:25:54 [Log] - Verify element visible By.id: password
[INFO] 13-06-2023 00:25:54 [Log] - Set text riseDemo on By.id: password
[INFO] 13-06-2023 00:25:54 [Log] - Verify element visible By.xpath: //button[normalize-space()='Sign in']
[INFO] 13-06-2023 00:25:54 [Log] - Click on element By.xpath: //button[normalize-space()='Sign in']
[INFO] 13-06-2023 00:25:55 [Log] - Verify Equals: Sign in | RISE - Ultimate Project Manager and CRM != Dashboard | RISE - Ultimate Project Manager and CRM
[INFO] 13-06-2023 00:25:56 [Log] - Driver for Screenshot: ChromeDriver: chrome on WINDOWS (29cc0e80047b226495d6c2a2e57cc92b)
[INFO] 13-06-2023 00:25:56 [Log] - Screenshot taken: Signin with valid credentials
[INFO] 13-06-2023 00:25:56 [Log] - Screenshot taken current URL: https://rise.fairsketch.com/signin
