[INFO] 13-06-2023 22:59:57 [WebDriverManager] - Using chromedriver 114.0.5735.90 (resolved driver for Chrome 114)
[INFO] 13-06-2023 22:59:57 [WebDriverManager] - Exporting webdriver.chrome.driver as C:\Users\Admin\.cache\selenium\chromedriver\win32\114.0.5735.90\chromedriver.exe
[INFO] 13-06-2023 23:00:20 [Log] - Verify element visible By.id: email
[INFO] 13-06-2023 23:00:20 [Log] - Clear value in textbox By.id: email
[INFO] 13-06-2023 23:00:20 [Log] - Verify element visible By.id: email
[INFO] 13-06-2023 23:00:20 [Log] - Set text admin@demo.com on By.id: email
[INFO] 13-06-2023 23:00:20 [Log] - Verify element visible By.id: password
[INFO] 13-06-2023 23:00:21 [Log] - Clear value in textbox By.id: password
[INFO] 13-06-2023 23:00:21 [Log] - Verify element visible By.id: password
[INFO] 13-06-2023 23:00:21 [Log] - Set text riseDemo on By.id: password
[INFO] 13-06-2023 23:00:21 [Log] - Verify element visible By.xpath: //button[normalize-space()='Sign in']
[INFO] 13-06-2023 23:00:27 [Log] - Click on element By.xpath: //button[normalize-space()='Sign in']
[INFO] 13-06-2023 23:00:29 [Log] - Verify Equals: Dashboard | RISE - Ultimate Project Manager and CRM = Dashboard | RISE - Ultimate Project Manager and CRM
[INFO] 13-06-2023 23:00:29 [WebDriverManager] - Using chromedriver 114.0.5735.90 (resolved driver for Chrome 114)
[INFO] 13-06-2023 23:00:29 [WebDriverManager] - Exporting webdriver.chrome.driver as C:\Users\Admin\.cache\selenium\chromedriver\win32\114.0.5735.90\chromedriver.exe
[INFO] 13-06-2023 23:00:43 [Log] - Verify element visible By.id: email
[INFO] 13-06-2023 23:00:43 [Log] - Clear value in textbox By.id: email
[INFO] 13-06-2023 23:00:43 [Log] - Verify element visible By.id: email
[INFO] 13-06-2023 23:00:44 [Log] - Set text client@demo.com on By.id: email
[INFO] 13-06-2023 23:00:44 [Log] - Verify element visible By.id: password
[INFO] 13-06-2023 23:00:44 [Log] - Clear value in textbox By.id: password
[INFO] 13-06-2023 23:00:44 [Log] - Verify element visible By.id: password
[INFO] 13-06-2023 23:00:44 [Log] - Set text riseDemo on By.id: password
[INFO] 13-06-2023 23:00:44 [Log] - Verify element visible By.xpath: //button[normalize-space()='Sign in']
[INFO] 13-06-2023 23:00:51 [Log] - Click on element By.xpath: //button[normalize-space()='Sign in']
[INFO] 13-06-2023 23:00:52 [Log] - Verify Equals: Dashboard | RISE - Ultimate Project Manager and CRM = Dashboard | RISE - Ultimate Project Manager and CRM
[INFO] 13-06-2023 23:00:53 [WebDriverManager] - Using chromedriver 114.0.5735.90 (resolved driver for Chrome 114)
[INFO] 13-06-2023 23:00:53 [WebDriverManager] - Exporting webdriver.chrome.driver as C:\Users\Admin\.cache\selenium\chromedriver\win32\114.0.5735.90\chromedriver.exe
[INFO] 13-06-2023 23:01:23 [Log] - Driver for Screenshot: ChromeDriver: chrome on WINDOWS (2a49b083ce7854dbaeaef72d26dd992c)
[INFO] 13-06-2023 23:01:39 [WebDriverManager] - Using chromedriver 114.0.5735.90 (resolved driver for Chrome 114)
[INFO] 13-06-2023 23:01:39 [WebDriverManager] - Exporting webdriver.chrome.driver as C:\Users\Admin\.cache\selenium\chromedriver\win32\114.0.5735.90\chromedriver.exe
[INFO] 13-06-2023 23:02:10 [Log] - Driver for Screenshot: ChromeDriver: chrome on WINDOWS (6c8c5e29e75fd5f4ba2ff7fc34f38a9f)
[INFO] 13-06-2023 23:03:20 [WebDriverManager] - Using chromedriver 114.0.5735.90 (resolved driver for Chrome 114)
[INFO] 13-06-2023 23:03:20 [WebDriverManager] - Exporting webdriver.chrome.driver as C:\Users\Admin\.cache\selenium\chromedriver\win32\114.0.5735.90\chromedriver.exe
[INFO] 13-06-2023 23:03:39 [Log] - Verify element visible By.id: email
[INFO] 13-06-2023 23:03:40 [Log] - Verify element visible By.id: email
[INFO] 13-06-2023 23:03:40 [Log] - Clear and Fill admin@@demo.com on By.id: email
[INFO] 13-06-2023 23:03:40 [Log] - Verify element visible By.id: password
[INFO] 13-06-2023 23:03:40 [Log] - Verify element visible By.id: password
[INFO] 13-06-2023 23:03:40 [Log] - Clear and Fill riseDemo on By.id: password
[INFO] 13-06-2023 23:03:40 [Log] - Verify element visible By.xpath: //button[normalize-space()='Sign in']
[INFO] 13-06-2023 23:03:40 [Log] - Click on element By.xpath: //button[normalize-space()='Sign in']
[INFO] 13-06-2023 23:03:40 [Log] - Verify element visible By.id: email-error
[INFO] 13-06-2023 23:03:41 [Log] - Verify Equals: Please enter a valid email address. = Please enter a valid email address.
[INFO] 13-06-2023 23:03:41 [WebDriverManager] - Using chromedriver 114.0.5735.90 (resolved driver for Chrome 114)
[INFO] 13-06-2023 23:03:42 [WebDriverManager] - Exporting webdriver.chrome.driver as C:\Users\Admin\.cache\selenium\chromedriver\win32\114.0.5735.90\chromedriver.exe
[INFO] 13-06-2023 23:04:12 [Log] - Driver for Screenshot: ChromeDriver: chrome on WINDOWS (8b3d84d3c8e0d26f583987d72dcf0d97)
[INFO] 13-06-2023 23:06:13 [WebDriverManager] - Using chromedriver 114.0.5735.90 (resolved driver for Chrome 114)
[INFO] 13-06-2023 23:06:13 [WebDriverManager] - Exporting webdriver.chrome.driver as C:\Users\Admin\.cache\selenium\chromedriver\win32\114.0.5735.90\chromedriver.exe
[INFO] 13-06-2023 23:06:22 [Log] - Driver for Screenshot: ChromeDriver: chrome on WINDOWS (8b992a9763c977687fce0f1a43a048f5)
[INFO] 13-06-2023 23:06:22 [WebDriverManager] - Using chromedriver 114.0.5735.90 (resolved driver for Chrome 114)
[INFO] 13-06-2023 23:06:22 [WebDriverManager] - Exporting webdriver.chrome.driver as C:\Users\Admin\.cache\selenium\chromedriver\win32\114.0.5735.90\chromedriver.exe
[INFO] 13-06-2023 23:06:54 [Log] - Driver for Screenshot: ChromeDriver: chrome on WINDOWS (d793aac53df7a55037ac9cae9addacef)
